<?xml version="1.0" encoding="UTF-8"?>
<robot generator="Robot 4.1.1 (Python 3.9.7 on win32)" generated="20211004 23:50:15.680" rpa="false" schemaversion="2">
<suite id="s1" name="Process" source="c:\Users\RTrevisan\Desktop\Renato Trevisan\Exercícios\Ex 3\Process\process.robot">
<test id="s1-t1" name="Exemplo 01: Abrindo programas">
<kw name="Abra e feche o Notepad">
<msg timestamp="20211004 23:50:15.914" level="FAIL">No keyword with name 'Abra e feche o Notepad' found.</msg>
<status status="FAIL" starttime="20211004 23:50:15.913" endtime="20211004 23:50:15.914"/>
</kw>
<status status="FAIL" starttime="20211004 23:50:15.900" endtime="20211004 23:50:15.918">No keyword with name 'Abra e feche o Notepad' found.</status>
</test>
<test id="s1-t2" name="Exemplo 02: Executando e aguardando scripts/programas">
<kw name="Execute um script e aguarde ele finalizar com sucesso">
<kw name="Run Process" library="Process">
<var>${MEU_PROCESSO}</var>
<arg>python</arg>
<arg>hello_world.py</arg>
<doc>Runs a process and waits for it to complete.</doc>
<msg timestamp="20211004 23:50:15.927" level="INFO">Starting process:
python hello_world.py</msg>
<msg timestamp="20211004 23:50:15.931" level="INFO">Waiting for process to complete.</msg>
<msg timestamp="20211004 23:50:21.010" level="INFO">Process completed.</msg>
<msg timestamp="20211004 23:50:21.011" level="INFO">${MEU_PROCESSO} = &lt;result object with rc 0&gt;</msg>
<status status="PASS" starttime="20211004 23:50:15.925" endtime="20211004 23:50:21.011"/>
</kw>
<kw name="Log" library="BuiltIn">
<arg>Resultado da execução (sucesso/falha): ${MEU_PROCESSO.rc}</arg>
<doc>Logs the given message with the given level.</doc>
<msg timestamp="20211004 23:50:21.015" level="INFO">Resultado da execução (sucesso/falha): 0</msg>
<status status="PASS" starttime="20211004 23:50:21.012" endtime="20211004 23:50:21.015"/>
</kw>
<kw name="Log" library="BuiltIn">
<arg>Saída da execução: ${MEU_PROCESSO.stdout}</arg>
<doc>Logs the given message with the given level.</doc>
<msg timestamp="20211004 23:50:21.017" level="INFO">Saída da execução: Hello Robotizador!!!
Fechando em 5 segundos...
1
2
3
4
5</msg>
<status status="PASS" starttime="20211004 23:50:21.015" endtime="20211004 23:50:21.018"/>
</kw>
<kw name="Verifica sucesso na execução do processo">
<arg>${MEU_PROCESSO}</arg>
<kw name="Run Keyword And Continue On Failure" library="BuiltIn">
<arg>Should Be Equal As Integers</arg>
<arg>${PROCESSO.rc}</arg>
<arg>0</arg>
<arg>msg=ATENÇÃO! O seu processo não executou com sucesso</arg>
<doc>Runs the keyword and continues execution even if a failure occurs.</doc>
<kw name="Should Be Equal As Integers" library="BuiltIn">
<arg>${PROCESSO.rc}</arg>
<arg>0</arg>
<arg>msg=ATENÇÃO! O seu processo não executou com sucesso</arg>
<doc>Fails if objects are unequal after converting them to integers.</doc>
<msg timestamp="20211004 23:50:21.027" level="INFO">Argument types are:
&lt;class 'int'&gt;
&lt;type 'unicode'&gt;</msg>
<status status="PASS" starttime="20211004 23:50:21.024" endtime="20211004 23:50:21.027"/>
</kw>
<status status="PASS" starttime="20211004 23:50:21.022" endtime="20211004 23:50:21.028"/>
</kw>
<kw name="Run Keyword If" library="BuiltIn">
<arg>${PROCESSO.rc}!=0</arg>
<arg>Log</arg>
<arg>FALHA OCORRIDA: "${PROCESSO.stderr}"</arg>
<doc>Runs the given keyword with the given arguments, if ``condition`` is true.</doc>
<status status="PASS" starttime="20211004 23:50:21.028" endtime="20211004 23:50:21.031"/>
</kw>
<status status="PASS" starttime="20211004 23:50:21.018" endtime="20211004 23:50:21.032"/>
</kw>
<status status="PASS" starttime="20211004 23:50:15.923" endtime="20211004 23:50:21.033"/>
</kw>
<kw name="Execute um script e aguarde ele finalizar com falha">
<kw name="Run Process" library="Process">
<var>${MEU_PROCESSO}</var>
<arg>python</arg>
<arg>hello_world_fail.py</arg>
<doc>Runs a process and waits for it to complete.</doc>
<msg timestamp="20211004 23:50:21.036" level="INFO">Starting process:
python hello_world_fail.py</msg>
<msg timestamp="20211004 23:50:21.039" level="INFO">Waiting for process to complete.</msg>
<msg timestamp="20211004 23:50:21.071" level="INFO">Process completed.</msg>
<msg timestamp="20211004 23:50:21.071" level="INFO">${MEU_PROCESSO} = &lt;result object with rc 1&gt;</msg>
<status status="PASS" starttime="20211004 23:50:21.035" endtime="20211004 23:50:21.071"/>
</kw>
<kw name="Log" library="BuiltIn">
<arg>Resultado da execução (sucesso/falha): ${MEU_PROCESSO.rc}</arg>
<doc>Logs the given message with the given level.</doc>
<msg timestamp="20211004 23:50:21.074" level="INFO">Resultado da execução (sucesso/falha): 1</msg>
<status status="PASS" starttime="20211004 23:50:21.072" endtime="20211004 23:50:21.074"/>
</kw>
<kw name="Log" library="BuiltIn">
<arg>Saída da execução: ${MEU_PROCESSO.stdout}</arg>
<doc>Logs the given message with the given level.</doc>
<msg timestamp="20211004 23:50:21.077" level="INFO">Saída da execução: Hello Robotizador!!!
Teste de execuþÒo de processo com erro!!!!</msg>
<status status="PASS" starttime="20211004 23:50:21.075" endtime="20211004 23:50:21.077"/>
</kw>
<kw name="Log" library="BuiltIn">
<arg>Falha da execução: ${MEU_PROCESSO.stderr}</arg>
<doc>Logs the given message with the given level.</doc>
<msg timestamp="20211004 23:50:21.080" level="INFO">Falha da execução: FAIL: Erro proposital!!!</msg>
<status status="PASS" starttime="20211004 23:50:21.078" endtime="20211004 23:50:21.080"/>
</kw>
<kw name="Verifica sucesso na execução do processo">
<arg>${MEU_PROCESSO}</arg>
<kw name="Run Keyword And Continue On Failure" library="BuiltIn">
<arg>Should Be Equal As Integers</arg>
<arg>${PROCESSO.rc}</arg>
<arg>0</arg>
<arg>msg=ATENÇÃO! O seu processo não executou com sucesso</arg>
<doc>Runs the keyword and continues execution even if a failure occurs.</doc>
<kw name="Should Be Equal As Integers" library="BuiltIn">
<arg>${PROCESSO.rc}</arg>
<arg>0</arg>
<arg>msg=ATENÇÃO! O seu processo não executou com sucesso</arg>
<doc>Fails if objects are unequal after converting them to integers.</doc>
<msg timestamp="20211004 23:50:21.085" level="INFO">Argument types are:
&lt;class 'int'&gt;
&lt;type 'unicode'&gt;</msg>
<msg timestamp="20211004 23:50:21.086" level="FAIL">ATENÇÃO! O seu processo não executou com sucesso: 1 != 0</msg>
<status status="FAIL" starttime="20211004 23:50:21.082" endtime="20211004 23:50:21.086"/>
</kw>
<status status="FAIL" starttime="20211004 23:50:21.082" endtime="20211004 23:50:21.088"/>
</kw>
<kw name="Run Keyword If" library="BuiltIn">
<arg>${PROCESSO.rc}!=0</arg>
<arg>Log</arg>
<arg>FALHA OCORRIDA: "${PROCESSO.stderr}"</arg>
<doc>Runs the given keyword with the given arguments, if ``condition`` is true.</doc>
<kw name="Log" library="BuiltIn">
<arg>FALHA OCORRIDA: "${PROCESSO.stderr}"</arg>
<doc>Logs the given message with the given level.</doc>
<msg timestamp="20211004 23:50:21.093" level="INFO">FALHA OCORRIDA: "FAIL: Erro proposital!!!"</msg>
<status status="PASS" starttime="20211004 23:50:21.091" endtime="20211004 23:50:21.094"/>
</kw>
<status status="PASS" starttime="20211004 23:50:21.089" endtime="20211004 23:50:21.094"/>
</kw>
<status status="FAIL" starttime="20211004 23:50:21.080" endtime="20211004 23:50:21.096"/>
</kw>
<status status="FAIL" starttime="20211004 23:50:21.033" endtime="20211004 23:50:21.099"/>
</kw>
<status status="FAIL" starttime="20211004 23:50:15.920" endtime="20211004 23:50:21.100">ATENÇÃO! O seu processo não executou com sucesso: 1 != 0</status>
</test>
<test id="s1-t3" name="Exemplo 03: Execute comandos de prompt">
<kw name="Executando comandos diversos de prompt">
<kw name="Run Process" library="Process">
<arg>mkdir robot_teste</arg>
<arg>cwd=c:\\Users\\RTrevisan\\Desktop\\Renato Trevisan\\Exercícios\\Ex 3\\Process</arg>
<arg>shell=True</arg>
<doc>Runs a process and waits for it to complete.</doc>
<msg timestamp="20211004 23:50:21.106" level="INFO">Starting process:
mkdir robot_teste</msg>
<msg timestamp="20211004 23:50:21.108" level="INFO">Waiting for process to complete.</msg>
<msg timestamp="20211004 23:50:21.117" level="INFO">Process completed.</msg>
<status status="PASS" starttime="20211004 23:50:21.105" endtime="20211004 23:50:21.117"/>
</kw>
<status status="PASS" starttime="20211004 23:50:21.103" endtime="20211004 23:50:21.118"/>
</kw>
<status status="PASS" starttime="20211004 23:50:21.101" endtime="20211004 23:50:21.118"/>
</test>
<doc>http://robotframework.org/robotframework/latest/libraries/Process.html</doc>
<status status="FAIL" starttime="20211004 23:50:15.691" endtime="20211004 23:50:21.120"/>
</suite>
<statistics>
<total>
<stat pass="1" fail="2" skip="0">All Tests</stat>
</total>
<tag>
</tag>
<suite>
<stat pass="1" fail="2" skip="0" id="s1" name="Process">Process</stat>
</suite>
</statistics>
<errors>
</errors>
</robot>
